2015/11/24 13:51:43 [error] [exception.CDbException] exception 'CDbException' with message 'CDbConnection failed to open the DB connection: SQLSTATE[42000] [1049] Unknown database 'desitnasi'' in /var/www/html/yii/framework/db/CDbConnection.php:399
Stack trace:
#0 /var/www/html/yii/framework/db/CDbConnection.php(347): CDbConnection->open()
#1 /var/www/html/yii/framework/db/CDbConnection.php(325): CDbConnection->setActive(true)
#2 /var/www/html/yii/framework/base/CModule.php(394): CDbConnection->init()
#3 /var/www/html/yii/framework/base/CModule.php(103): CModule->getComponent('db')
#4 /var/www/html/yii/framework/gii/generators/model/ModelCode.php(60): CModule->__get('db')
#5 /var/www/html/yii/framework/web/CFormModel.php(39): ModelCode->init()
#6 /var/www/html/yii/framework/gii/CCodeGenerator.php(153): CFormModel->__construct()
#7 /var/www/html/yii/framework/gii/CCodeGenerator.php(63): CCodeGenerator->prepare()
#8 /var/www/html/yii/framework/web/actions/CInlineAction.php(49): CCodeGenerator->actionIndex()
#9 /var/www/html/yii/framework/web/CController.php(308): CInlineAction->runWithParams(Array)
#10 /var/www/html/yii/framework/web/CController.php(286): CController->runAction(Object(CInlineAction))
#11 /var/www/html/yii/framework/web/CController.php(265): CController->runActionWithFilters(Object(CInlineAction), Array)
#12 /var/www/html/yii/framework/web/CWebApplication.php(282): CController->run('index')
#13 /var/www/html/yii/framework/web/CWebApplication.php(141): CWebApplication->runController('gii/model/index')
#14 /var/www/html/yii/framework/base/CApplication.php(184): CWebApplication->processRequest()
#15 /var/www/html/pertemuan10/index.php(13): CApplication->run()
#16 {main}
REQUEST_URI=/pertemuan10/index.php?r=gii/model/index
HTTP_REFERER=http://localhost/pertemuan10/index.php?r=gii/default/index
---
2015/11/24 14:16:03 [error] [exception.CHttpException.404] exception 'CHttpException' with message 'The system is unable to find the requested action "tampilKota".' in /var/www/html/yii/framework/web/CController.php:483
Stack trace:
#0 /var/www/html/yii/framework/web/CController.php(270): CController->missingAction('tampilKota')
#1 /var/www/html/yii/framework/web/CWebApplication.php(282): CController->run('tampilKota')
#2 /var/www/html/yii/framework/web/CWebApplication.php(141): CWebApplication->runController('provinsi/tampil...')
#3 /var/www/html/yii/framework/base/CApplication.php(184): CWebApplication->processRequest()
#4 /var/www/html/pertemuan10/index.php(13): CApplication->run()
#5 {main}
REQUEST_URI=/pertemuan10/index.php?r=provinsi/tampilKota
---
2015/11/24 14:16:23 [error] [php] Undefined variable: model1 (/var/www/html/pertemuan10/protected/views/kota/tampilKota.php:9)
Stack trace:
#0 /var/www/html/yii/framework/web/CController.php(869): KotaController->renderFile()
#1 /var/www/html/yii/framework/web/CController.php(782): KotaController->renderPartial()
#2 /var/www/html/pertemuan10/protected/controllers/KotaController.php(66): KotaController->render()
#3 /var/www/html/yii/framework/web/actions/CInlineAction.php(49): KotaController->actionTampilKota()
#4 /var/www/html/yii/framework/web/CController.php(308): CInlineAction->runWithParams()
#5 /var/www/html/yii/framework/web/filters/CFilterChain.php(133): KotaController->runAction()
#6 /var/www/html/yii/framework/web/filters/CFilter.php(40): CFilterChain->run()
#7 /var/www/html/yii/framework/web/CController.php(1145): CAccessControlFilter->filter()
#8 /var/www/html/yii/framework/web/filters/CInlineFilter.php(58): KotaController->filterAccessControl()
#9 /var/www/html/yii/framework/web/filters/CFilterChain.php(130): CInlineFilter->filter()
#10 /var/www/html/yii/framework/web/CController.php(291): CFilterChain->run()
#11 /var/www/html/yii/framework/web/CController.php(265): KotaController->runActionWithFilters()
#12 /var/www/html/yii/framework/web/CWebApplication.php(282): KotaController->run()
#13 /var/www/html/yii/framework/web/CWebApplication.php(141): CWebApplication->runController()
#14 /var/www/html/yii/framework/base/CApplication.php(184): CWebApplication->processRequest()
#15 /var/www/html/pertemuan10/index.php(13): CWebApplication->run()
REQUEST_URI=/pertemuan10/index.php?r=kota/tampilKota
in /var/www/html/pertemuan10/protected/views/kota/tampilKota.php (9)
in /var/www/html/pertemuan10/protected/controllers/KotaController.php (66)
in /var/www/html/pertemuan10/index.php (13)
2015/11/24 14:16:39 [error] [php] Undefined index: id (/var/www/html/pertemuan10/protected/views/kota/tampilKota.php:9)
Stack trace:
#0 /var/www/html/yii/framework/web/CController.php(869): KotaController->renderFile()
#1 /var/www/html/yii/framework/web/CController.php(782): KotaController->renderPartial()
#2 /var/www/html/pertemuan10/protected/controllers/KotaController.php(66): KotaController->render()
#3 /var/www/html/yii/framework/web/actions/CInlineAction.php(49): KotaController->actionTampilKota()
#4 /var/www/html/yii/framework/web/CController.php(308): CInlineAction->runWithParams()
#5 /var/www/html/yii/framework/web/filters/CFilterChain.php(133): KotaController->runAction()
#6 /var/www/html/yii/framework/web/filters/CFilter.php(40): CFilterChain->run()
#7 /var/www/html/yii/framework/web/CController.php(1145): CAccessControlFilter->filter()
#8 /var/www/html/yii/framework/web/filters/CInlineFilter.php(58): KotaController->filterAccessControl()
#9 /var/www/html/yii/framework/web/filters/CFilterChain.php(130): CInlineFilter->filter()
#10 /var/www/html/yii/framework/web/CController.php(291): CFilterChain->run()
#11 /var/www/html/yii/framework/web/CController.php(265): KotaController->runActionWithFilters()
#12 /var/www/html/yii/framework/web/CWebApplication.php(282): KotaController->run()
#13 /var/www/html/yii/framework/web/CWebApplication.php(141): CWebApplication->runController()
#14 /var/www/html/yii/framework/base/CApplication.php(184): CWebApplication->processRequest()
#15 /var/www/html/pertemuan10/index.php(13): CWebApplication->run()
REQUEST_URI=/pertemuan10/index.php?r=kota/tampilKota
in /var/www/html/pertemuan10/protected/views/kota/tampilKota.php (9)
in /var/www/html/pertemuan10/protected/controllers/KotaController.php (66)
in /var/www/html/pertemuan10/index.php (13)
2015/11/24 14:18:30 [error] [php] Undefined index: nama_kota (/var/www/html/pertemuan10/protected/views/kota/tampilKota.php:10)
Stack trace:
#0 /var/www/html/yii/framework/web/CController.php(869): KotaController->renderFile()
#1 /var/www/html/yii/framework/web/CController.php(782): KotaController->renderPartial()
#2 /var/www/html/pertemuan10/protected/controllers/KotaController.php(66): KotaController->render()
#3 /var/www/html/yii/framework/web/actions/CInlineAction.php(49): KotaController->actionTampilKota()
#4 /var/www/html/yii/framework/web/CController.php(308): CInlineAction->runWithParams()
#5 /var/www/html/yii/framework/web/filters/CFilterChain.php(133): KotaController->runAction()
#6 /var/www/html/yii/framework/web/filters/CFilter.php(40): CFilterChain->run()
#7 /var/www/html/yii/framework/web/CController.php(1145): CAccessControlFilter->filter()
#8 /var/www/html/yii/framework/web/filters/CInlineFilter.php(58): KotaController->filterAccessControl()
#9 /var/www/html/yii/framework/web/filters/CFilterChain.php(130): CInlineFilter->filter()
#10 /var/www/html/yii/framework/web/CController.php(291): CFilterChain->run()
#11 /var/www/html/yii/framework/web/CController.php(265): KotaController->runActionWithFilters()
#12 /var/www/html/yii/framework/web/CWebApplication.php(282): KotaController->run()
#13 /var/www/html/yii/framework/web/CWebApplication.php(141): CWebApplication->runController()
#14 /var/www/html/yii/framework/base/CApplication.php(184): CWebApplication->processRequest()
#15 /var/www/html/pertemuan10/index.php(13): CWebApplication->run()
REQUEST_URI=/pertemuan10/index.php?r=kota/tampilKota
in /var/www/html/pertemuan10/protected/views/kota/tampilKota.php (10)
in /var/www/html/pertemuan10/protected/controllers/KotaController.php (66)
in /var/www/html/pertemuan10/index.php (13)
2015/11/24 14:20:58 [error] [php] Undefined index: nama_kota (/var/www/html/pertemuan10/protected/views/kota/tampilKota.php:10)
Stack trace:
#0 /var/www/html/yii/framework/web/CController.php(869): KotaController->renderFile()
#1 /var/www/html/yii/framework/web/CController.php(782): KotaController->renderPartial()
#2 /var/www/html/pertemuan10/protected/controllers/KotaController.php(66): KotaController->render()
#3 /var/www/html/yii/framework/web/actions/CInlineAction.php(49): KotaController->actionTampilKota()
#4 /var/www/html/yii/framework/web/CController.php(308): CInlineAction->runWithParams()
#5 /var/www/html/yii/framework/web/filters/CFilterChain.php(133): KotaController->runAction()
#6 /var/www/html/yii/framework/web/filters/CFilter.php(40): CFilterChain->run()
#7 /var/www/html/yii/framework/web/CController.php(1145): CAccessControlFilter->filter()
#8 /var/www/html/yii/framework/web/filters/CInlineFilter.php(58): KotaController->filterAccessControl()
#9 /var/www/html/yii/framework/web/filters/CFilterChain.php(130): CInlineFilter->filter()
#10 /var/www/html/yii/framework/web/CController.php(291): CFilterChain->run()
#11 /var/www/html/yii/framework/web/CController.php(265): KotaController->runActionWithFilters()
#12 /var/www/html/yii/framework/web/CWebApplication.php(282): KotaController->run()
#13 /var/www/html/yii/framework/web/CWebApplication.php(141): CWebApplication->runController()
#14 /var/www/html/yii/framework/base/CApplication.php(184): CWebApplication->processRequest()
#15 /var/www/html/pertemuan10/index.php(13): CWebApplication->run()
REQUEST_URI=/pertemuan10/index.php?r=kota/tampilKota
in /var/www/html/pertemuan10/protected/views/kota/tampilKota.php (10)
in /var/www/html/pertemuan10/protected/controllers/KotaController.php (66)
in /var/www/html/pertemuan10/index.php (13)
2015/11/24 14:29:11 [error] [exception.CHttpException.404] exception 'CHttpException' with message 'The system is unable to find the requested action "tampilkan".' in /var/www/html/yii/framework/web/CController.php:483
Stack trace:
#0 /var/www/html/yii/framework/web/CController.php(270): CController->missingAction('tampilkan')
#1 /var/www/html/yii/framework/web/CWebApplication.php(282): CController->run('tampilkan')
#2 /var/www/html/yii/framework/web/CWebApplication.php(141): CWebApplication->runController('kota/tampilkan')
#3 /var/www/html/yii/framework/base/CApplication.php(184): CWebApplication->processRequest()
#4 /var/www/html/pertemuan10/index.php(13): CApplication->run()
#5 {main}
REQUEST_URI=/pertemuan10/index.php?r=kota/tampilkan
---
2015/11/24 14:30:21 [error] [php] Undefined variable: model (/var/www/html/pertemuan10/protected/controllers/KotaController.php:70)
Stack trace:
#0 /var/www/html/yii/framework/web/filters/CFilterChain.php(133): KotaController->runAction()
#1 /var/www/html/yii/framework/web/filters/CFilter.php(40): CFilterChain->run()
#2 /var/www/html/yii/framework/web/CController.php(1145): CAccessControlFilter->filter()
#3 /var/www/html/yii/framework/web/filters/CInlineFilter.php(58): KotaController->filterAccessControl()
#4 /var/www/html/yii/framework/web/filters/CFilterChain.php(130): CInlineFilter->filter()
#5 /var/www/html/yii/framework/web/CController.php(291): CFilterChain->run()
#6 /var/www/html/yii/framework/web/CController.php(265): KotaController->runActionWithFilters()
#7 /var/www/html/yii/framework/web/CWebApplication.php(282): KotaController->run()
#8 /var/www/html/yii/framework/web/CWebApplication.php(141): CWebApplication->runController()
#9 /var/www/html/yii/framework/base/CApplication.php(184): CWebApplication->processRequest()
#10 /var/www/html/pertemuan10/index.php(13): CWebApplication->run()
REQUEST_URI=/pertemuan10/index.php?r=kota/tampilkan
in /var/www/html/pertemuan10/protected/controllers/KotaController.php (70)
in /var/www/html/pertemuan10/index.php (13)
